#-----------------------------------------------------------
# Vivado v2017.2 (64-bit)
# SW Build 1909853 on Thu Jun 15 18:39:09 MDT 2017
# IP Build 1909766 on Thu Jun 15 19:58:00 MDT 2017
# Start of session at: Mon Nov 18 11:23:27 2019
# Process ID: 26364
# Current directory: C:/Users/usuario/DSED_LAB
# Command line: vivado.exe -gui_launcher_event rodinguilauncherevent32568 C:\Users\usuario\DSED_LAB\DSED_LAB.xpr
# Log file: C:/Users/usuario/DSED_LAB/vivado.log
# Journal file: C:/Users/usuario/DSED_LAB\vivado.jou
#-----------------------------------------------------------
start_gui
open_project C:/Users/usuario/DSED_LAB/DSED_LAB.xpr
Scanning sources...
Finished scanning sources
INFO: [IP_Flow 19-234] Refreshing IP repositories
INFO: [IP_Flow 19-1704] No user IP repositories specified
INFO: [IP_Flow 19-2313] Loaded Vivado IP repository 'C:/Xilinx/Vivado/2017.2/data/ip'.
open_project: Time (s): cpu = 00:00:12 ; elapsed = 00:00:14 . Memory (MB): peak = 714.152 ; gain = 31.344
update_compile_order -fileset sources_1
remove_files  C:/Users/usuario/DSED_LAB/DSED_LAB.srcs/sources_1/new/pwm.vhd
add_files -norecurse C:/Users/usuario/DSED_LAB/DSED_LAB.srcs/sources_1/new/pwm.vhd
update_compile_order -fileset sources_1
update_compile_order -fileset sources_1
update_compile_order -fileset sources_1
update_compile_order -fileset sources_1
exit
INFO: [Common 17-206] Exiting Vivado at Mon Nov 18 12:23:20 2019...
