\BOOKMARK [1][-]{section.1}{Bloque 1: Interfaz de audio}{}% 1
\BOOKMARK [2][-]{subsection.1.1}{Tarea 1.1:}{section.1}% 2
\BOOKMARK [2][-]{subsection.1.2}{Tarea 1.2:}{section.1}% 3
\BOOKMARK [2][-]{subsection.1.3}{Tarea 1.3:}{section.1}% 4
\BOOKMARK [2][-]{subsection.1.4}{Tarea 1.4:}{section.1}% 5
\BOOKMARK [2][-]{subsection.1.5}{Tarea 1.5:}{section.1}% 6
\BOOKMARK [2][-]{subsection.1.6}{Tarea 1.6:}{section.1}% 7
\BOOKMARK [2][-]{subsection.1.7}{Tarea 1.7:}{section.1}% 8
\BOOKMARK [2][-]{subsection.1.8}{Tarea 1.8:}{section.1}% 9
\BOOKMARK [2][-]{subsection.1.9}{Tarea 1.9:}{section.1}% 10
\BOOKMARK [2][-]{subsection.1.10}{Tarea 1.10:}{section.1}% 11
\BOOKMARK [2][-]{subsection.1.11}{Tarea 1.11:}{section.1}% 12
\BOOKMARK [2][-]{subsection.1.12}{Tarea 1.12:}{section.1}% 13
\BOOKMARK [2][-]{subsection.1.13}{Tarea 1.13:}{section.1}% 14
\BOOKMARK [2][-]{subsection.1.14}{Tarea 1.14:}{section.1}% 15
\BOOKMARK [2][-]{subsection.1.15}{Tarea 1.15:}{section.1}% 16
\BOOKMARK [2][-]{subsection.1.16}{Tarea 1.16:}{section.1}% 17
\BOOKMARK [1][-]{section.2}{Bloque 2: Filtro FIR}{}% 18
\BOOKMARK [2][-]{subsection.2.1}{Tarea 2.1:}{section.2}% 19
\BOOKMARK [2][-]{subsection.2.2}{Tarea 2.2:}{section.2}% 20
\BOOKMARK [2][-]{subsection.2.3}{Tarea 2.3:}{section.2}% 21
\BOOKMARK [2][-]{subsection.2.4}{Tarea 2.4:}{section.2}% 22
\BOOKMARK [2][-]{subsection.2.5}{Tarea 2.5:}{section.2}% 23
\BOOKMARK [2][-]{subsection.2.6}{Tarea 2.6:}{section.2}% 24
\BOOKMARK [2][-]{subsection.2.7}{Tarea 2.7:}{section.2}% 25
\BOOKMARK [2][-]{subsection.2.8}{Tarea 2.8:}{section.2}% 26
\BOOKMARK [2][-]{subsection.2.9}{Tarea 2.9:}{section.2}% 27
\BOOKMARK [2][-]{subsection.2.10}{Tarea 2.10:}{section.2}% 28
\BOOKMARK [2][-]{subsection.2.11}{Tarea 2.11:}{section.2}% 29
\BOOKMARK [2][-]{subsection.2.12}{Tarea 2.12:}{section.2}% 30
\BOOKMARK [2][-]{subsection.2.13}{Tarea 2.13:}{section.2}% 31
\BOOKMARK [2][-]{subsection.2.14}{Tarea 2.14:}{section.2}% 32
\BOOKMARK [1][-]{section.3}{Bloque 3: Controlador y Memoria}{}% 33
\BOOKMARK [2][-]{subsection.3.1}{Tarea 3.1:}{section.3}% 34
\BOOKMARK [2][-]{subsection.3.2}{Tarea 3.2:}{section.3}% 35
\BOOKMARK [2][-]{subsection.3.3}{Tarea 3.3:}{section.3}% 36
\BOOKMARK [2][-]{subsection.3.4}{Tarea 3.4:}{section.3}% 37
\BOOKMARK [2][-]{subsection.3.5}{Tarea 3.5:}{section.3}% 38
\BOOKMARK [2][-]{subsection.3.6}{Tarea 3.6:}{section.3}% 39
\BOOKMARK [2][-]{subsection.3.7}{Tarea 3.7 \(Opcional\):}{section.3}% 40
