Unable to capture context for thread 27252 in process 30300, can not generate back trace
Unable to capture context for thread 22680 in process 30300, can not generate back trace
Exception at PC 0x00007FFB6C4EBB93
Printing stacktrace...

[0]  [0x00007FFB6C4EBB93]
[1]  [0x00007FFB6C4EBB93]
[2]  [0x00007FFB6C4EB4A1]
[3]  [0x00007FFB6C4EB3EF]
[4]  [0x00007FFB6C4D19FE]
[5]  [0x00007FFB6C4D0ED1]
[6]  [0x00007FFB6C4D0D76]
[7]  [0x00007FFB6C4779F6]
[8]  [0x00007FFB6C467AFB]
[9]  [0x00007FFB6C58E90A]
[10]  [0x00007FFB6C5A9F87]
[11]  [0x00007FFB6C5AA05F]
[12] (BaseThreadInitThunk+0x14) [0x00007FFBFADD7BD4]
[13] (RtlUserThreadStart+0x21) [0x00007FFBFC5ACED1]
Done
Exception at PC 0x00007FFB6C1F1A52
Attemped to write at address 0x00007FFBB6CFABA4
Printing stacktrace...

[0]  [0x00007FFB6C1F1A52]
[1]  [0x00007FFB6C1F1A52]
[2]  [0x00007FFB6C1F1AD4]
[3]  [0x00007FFB6C333FF7]
[4]  [0x00007FFB6C219128]
[5]  [0x00007FFB6C4CDFB9]
[6]  [0x00007FFB6C69EF23]
[7]  [0x00007FFB6C5AB06B]
[8]  [0x00007FFB6C5A08AF]
[9]  [0x00007FFB6C5A0A32]
[10] (RtlActivateActivationContextUnsafeFast+0x121) [0x00007FFBFC5650A1]
[11] (LdrShutdownProcess+0x132) [0x00007FFBFC5AAB02]
[12] (RtlExitUserProcess+0xad) [0x00007FFBFC5AA9AD]
[13] (ExitProcess+0xa) [0x00007FFBFADDCD8A]
[14] (exit+0x85) [0x00007FFBFA63A245]
[15] (initterm_e+0x245) [0x00007FFBFA63A8B5]
[16]  [0x00000000004014CD]
[17]  [0x000000000040151B]
[18] (BaseThreadInitThunk+0x14) [0x00007FFBFADD7BD4]
[19] (RtlUserThreadStart+0x21) [0x00007FFBFC5ACED1]
Done
